<?xml version="1.0" encoding="UTF-8"?>
<!-- Generated by org.testng.reporters.JUnitXMLReporter -->
<testsuite hostname="Rizwan" ignored="2" name="Car Loan" tests="2" failures="0" timestamp="2021-08-20T03:47:39 IST" time="0.008" errors="0">
  <testcase name="loginCarLoan" time="0.001" classname="test.Demo3"/>
  <testcase name="loginAPICarLoan" time="0.0" classname="test.Demo3"/>
  <testcase name="mobileLoginCarLoan" time="0.0" classname="test.Demo3">
    <ignored/>
  </testcase> <!-- mobileLoginCarLoan -->
  <testcase name="mobileLoginOutLoan" time="0.0" classname="test.Demo3">
    <ignored/>
  </testcase> <!-- mobileLoginOutLoan -->
</testsuite> <!-- Car Loan -->
